This is XeTeX, Version 3.141592653-2.6-0.999995 (TeX Live 2023/Arch Linux) (preloaded format=xelatex 2023.6.18)  23 SEP 2023 17:56
entering extended mode
 restricted \write18 enabled.
 Source specials enabled.
 file:line:error style messages enabled.
 %&-line parsing enabled.
**power.tex
(./power.tex
LaTeX2e <2022-11-01> patch level 1
L3 programming layer <2023-02-22>
(/usr/share/texmf-dist/tex/latex/base/article.cls
Document Class: article 2022/07/02 v1.4n Standard LaTeX document class
(/usr/share/texmf-dist/tex/latex/base/size10.clo
File: size10.clo 2022/07/02 v1.4n Standard LaTeX file (size option)
)
\c@part=\count181
\c@section=\count182
\c@subsection=\count183
\c@subsubsection=\count184
\c@paragraph=\count185
\c@subparagraph=\count186
\c@figure=\count187
\c@table=\count188
\abovecaptionskip=\skip48
\belowcaptionskip=\skip49
\bibindent=\dimen140
)
(/usr/share/texmf-dist/tex/generic/babel/babel.sty
Package: babel 2023/02/13 3.86 The Babel package
\babel@savecnt=\count189
\U@D=\dimen141
\l@unhyphenated=\language87

(/usr/share/texmf-dist/tex/generic/babel/xebabel.def)
\bbl@readstream=\read2
\bbl@dirlevel=\count190

(/usr/share/texmf-dist/tex/generic/babel-slovak/slovak.ldf
Language: slovak 2008/07/06 v3.1a Slovak support from the babel system
Package babel Info: Making ^ an active character on input line 123.
Package babel Info: Making " an active character on input line 126.
Package babel Info: Making ' an active character on input line 129.
\cs@wordlen=\count191
Package babel Info: Making - an active character on input line 294.
))
(/usr/share/texmf-dist/tex/generic/babel/locale/sk/babel-slovak.tex
Package babel Info: Importing font and identification data for slovak
(babel)             from babel-sk.ini. Reported on input line 11.
)
(/usr/share/texmf-dist/tex/latex/graphics/graphicx.sty
Package: graphicx 2021/09/16 v1.2d Enhanced LaTeX Graphics (DPC,SPQR)

(/usr/share/texmf-dist/tex/latex/graphics/keyval.sty
Package: keyval 2022/05/29 v1.15 key=value parser (DPC)
\KV@toks@=\toks16
)
(/usr/share/texmf-dist/tex/latex/graphics/graphics.sty
Package: graphics 2022/03/10 v1.4e Standard LaTeX Graphics (DPC,SPQR)

(/usr/share/texmf-dist/tex/latex/graphics/trig.sty
Package: trig 2021/08/11 v1.11 sin cos tan (DPC)
)
(/usr/share/texmf-dist/tex/latex/graphics-cfg/graphics.cfg
File: graphics.cfg 2016/06/04 v1.11 sample graphics configuration
)
Package graphics Info: Driver file: xetex.def on input line 107.

(/usr/share/texmf-dist/tex/latex/graphics-def/xetex.def
File: xetex.def 2022/09/22 v5.0n Graphics/color driver for xetex
))
\Gin@req@height=\dimen142
\Gin@req@width=\dimen143
)
(/usr/share/texmf-dist/tex/latex/l3backend/l3backend-xetex.def
File: l3backend-xetex.def 2023-01-16 L3 backend support: XeTeX
\g__graphics_track_int=\count192
\l__pdf_internal_box=\box51
\g__pdf_backend_object_int=\count193
\g__pdf_backend_annotation_int=\count194
\g__pdf_backend_link_int=\count195
) (./power.aux)
\openout1 = `power.aux'.

LaTeX Font Info:    Checking defaults for OML/cmm/m/it on input line 4.
LaTeX Font Info:    ... okay on input line 4.
LaTeX Font Info:    Checking defaults for OMS/cmsy/m/n on input line 4.
LaTeX Font Info:    ... okay on input line 4.
LaTeX Font Info:    Checking defaults for OT1/cmr/m/n on input line 4.
LaTeX Font Info:    ... okay on input line 4.
LaTeX Font Info:    Checking defaults for T1/cmr/m/n on input line 4.
LaTeX Font Info:    ... okay on input line 4.
LaTeX Font Info:    Checking defaults for TS1/cmr/m/n on input line 4.
LaTeX Font Info:    Trying to load font information for TS1+cmr on input line 4
.

(/usr/share/texmf-dist/tex/latex/base/ts1cmr.fd
File: ts1cmr.fd 2022/07/10 v2.5l Standard LaTeX font definitions
)
LaTeX Font Info:    ... okay on input line 4.
LaTeX Font Info:    Checking defaults for TU/lmr/m/n on input line 4.
LaTeX Font Info:    ... okay on input line 4.
LaTeX Font Info:    Checking defaults for OMX/cmex/m/n on input line 4.
LaTeX Font Info:    ... okay on input line 4.
LaTeX Font Info:    Checking defaults for U/cmr/m/n on input line 4.
LaTeX Font Info:    ... okay on input line 4.
LaTeX Font Info:    External font `cmex10' loaded for size
(Font)              <12> on input line 9.
LaTeX Font Info:    External font `cmex10' loaded for size
(Font)              <8> on input line 9.
LaTeX Font Info:    External font `cmex10' loaded for size
(Font)              <6> on input line 9.
 [1

]
LaTeX Font Info:    External font `cmex10' loaded for size
(Font)              <7> on input line 13.
LaTeX Font Info:    External font `cmex10' loaded for size
(Font)              <5> on input line 13.

Underfull \hbox (badness 10000) in paragraph at lines 30--36

 []


Underfull \hbox (badness 10000) in paragraph at lines 37--43

 []

[2] [3] (./power.aux) ) 
Here is how much of TeX's memory you used:
 2124 strings out of 476683
 36786 string characters out of 5809790
 1851018 words of memory out of 5000000
 22393 multiletter control sequences out of 15000+600000
 516006 words of font info for 51 fonts, out of 8000000 for 9000
 1348 hyphenation exceptions out of 8191
 55i,6n,62p,198b,194s stack positions out of 10000i,1000n,20000p,200000b,200000s

Output written on power.pdf (3 pages).
